[2020-07-27 11:01:32.692] [exthost] [info] extension host started
[2020-07-27 11:01:33.124] [exthost] [info] ExtensionService#_doActivateExtension vscode.debug-auto-launch {"startup":true,"extensionId":{"value":"vscode.debug-auto-launch","_lower":"vscode.debug-auto-launch"},"activationEvent":"*"}
[2020-07-27 11:01:33.157] [exthost] [info] ExtensionService#loadCommonJSModule file:///snap/code/38/usr/share/code/resources/app/extensions/debug-auto-launch/dist/extension
[2020-07-27 11:01:33.166] [exthost] [info] ExtensionService#_doActivateExtension vscode.emmet {"startup":true,"extensionId":{"value":"vscode.emmet","_lower":"vscode.emmet"},"activationEvent":"*"}
[2020-07-27 11:01:33.167] [exthost] [info] ExtensionService#loadCommonJSModule file:///snap/code/38/usr/share/code/resources/app/extensions/emmet/dist/extension
[2020-07-27 11:01:33.254] [exthost] [info] ExtensionService#_doActivateExtension vscode.git {"startup":true,"extensionId":{"value":"vscode.github","_lower":"vscode.github"},"activationEvent":"*"}
[2020-07-27 11:01:33.262] [exthost] [info] ExtensionService#loadCommonJSModule file:///snap/code/38/usr/share/code/resources/app/extensions/git/dist/main
[2020-07-27 11:01:33.290] [exthost] [info] ExtensionService#_doActivateExtension vscode.github-authentication {"startup":true,"extensionId":{"value":"vscode.github-authentication","_lower":"vscode.github-authentication"},"activationEvent":"*"}
[2020-07-27 11:01:33.290] [exthost] [info] ExtensionService#loadCommonJSModule file:///snap/code/38/usr/share/code/resources/app/extensions/github-authentication/dist/extension.js
[2020-07-27 11:01:33.319] [exthost] [info] ExtensionService#_doActivateExtension vscode.merge-conflict {"startup":true,"extensionId":{"value":"vscode.merge-conflict","_lower":"vscode.merge-conflict"},"activationEvent":"*"}
[2020-07-27 11:01:33.319] [exthost] [info] ExtensionService#loadCommonJSModule file:///snap/code/38/usr/share/code/resources/app/extensions/merge-conflict/dist/mergeConflictMain
[2020-07-27 11:01:33.326] [exthost] [info] ExtensionService#_doActivateExtension vscode.microsoft-authentication {"startup":true,"extensionId":{"value":"vscode.microsoft-authentication","_lower":"vscode.microsoft-authentication"},"activationEvent":"*"}
[2020-07-27 11:01:33.327] [exthost] [info] ExtensionService#loadCommonJSModule file:///snap/code/38/usr/share/code/resources/app/extensions/microsoft-authentication/dist/extension.js
[2020-07-27 11:01:33.347] [exthost] [info] ExtensionService#_doActivateExtension vscode.search-result {"startup":true,"extensionId":{"value":"vscode.search-result","_lower":"vscode.search-result"},"activationEvent":"*"}
[2020-07-27 11:01:33.347] [exthost] [info] ExtensionService#loadCommonJSModule file:///snap/code/38/usr/share/code/resources/app/extensions/search-result/dist/extension.js
[2020-07-27 11:01:33.351] [exthost] [info] ExtensionService#_doActivateExtension ritwickdey.LiveServer {"startup":true,"extensionId":{"value":"ritwickdey.LiveServer","_lower":"ritwickdey.liveserver"},"activationEvent":"*"}
[2020-07-27 11:01:33.351] [exthost] [info] ExtensionService#loadCommonJSModule file:///home/dajana/.vscode/extensions/ritwickdey.liveserver-5.6.1/out/src/extension
[2020-07-27 11:01:34.740] [exthost] [info] ExtensionService#_doActivateExtension vscode.github {"startup":true,"extensionId":{"value":"vscode.github","_lower":"vscode.github"},"activationEvent":"*"}
[2020-07-27 11:01:34.749] [exthost] [info] ExtensionService#loadCommonJSModule file:///snap/code/38/usr/share/code/resources/app/extensions/github/dist/extension.js
[2020-07-27 11:01:34.981] [exthost] [info] eager extensions activated
[2020-07-27 11:04:27.619] [exthost] [info] ExtensionService#_doActivateExtension vscode.extension-editing {"startup":false,"extensionId":{"value":"vscode.extension-editing","_lower":"vscode.extension-editing"},"activationEvent":"onLanguage:markdown"}
[2020-07-27 11:04:27.619] [exthost] [info] ExtensionService#loadCommonJSModule file:///snap/code/38/usr/share/code/resources/app/extensions/extension-editing/dist/extension
[2020-07-27 11:04:27.762] [exthost] [info] ExtensionService#_doActivateExtension vscode.markdown-language-features {"startup":false,"extensionId":{"value":"vscode.markdown-language-features","_lower":"vscode.markdown-language-features"},"activationEvent":"onLanguage:markdown"}
[2020-07-27 11:04:27.763] [exthost] [info] ExtensionService#loadCommonJSModule file:///snap/code/38/usr/share/code/resources/app/extensions/markdown-language-features/dist/extension
