[2020-07-23 21:13:44.170] [exthost] [info] extension host started
[2020-07-23 21:13:44.296] [exthost] [info] ExtensionService#_doActivateExtension vscode.debug-auto-launch {"startup":true,"extensionId":{"value":"vscode.debug-auto-launch","_lower":"vscode.debug-auto-launch"},"activationEvent":"*"}
[2020-07-23 21:13:44.298] [exthost] [info] ExtensionService#loadCommonJSModule file:///snap/code/38/usr/share/code/resources/app/extensions/debug-auto-launch/dist/extension
[2020-07-23 21:13:44.307] [exthost] [info] ExtensionService#_doActivateExtension vscode.emmet {"startup":true,"extensionId":{"value":"vscode.emmet","_lower":"vscode.emmet"},"activationEvent":"*"}
[2020-07-23 21:13:44.307] [exthost] [info] ExtensionService#loadCommonJSModule file:///snap/code/38/usr/share/code/resources/app/extensions/emmet/dist/extension
[2020-07-23 21:13:44.383] [exthost] [info] ExtensionService#_doActivateExtension vscode.git {"startup":true,"extensionId":{"value":"vscode.github","_lower":"vscode.github"},"activationEvent":"*"}
[2020-07-23 21:13:44.383] [exthost] [info] ExtensionService#loadCommonJSModule file:///snap/code/38/usr/share/code/resources/app/extensions/git/dist/main
[2020-07-23 21:13:44.569] [exthost] [info] ExtensionService#_doActivateExtension vscode.github-authentication {"startup":true,"extensionId":{"value":"vscode.github-authentication","_lower":"vscode.github-authentication"},"activationEvent":"*"}
[2020-07-23 21:13:44.569] [exthost] [info] ExtensionService#loadCommonJSModule file:///snap/code/38/usr/share/code/resources/app/extensions/github-authentication/dist/extension.js
[2020-07-23 21:13:44.588] [exthost] [info] ExtensionService#_doActivateExtension vscode.merge-conflict {"startup":true,"extensionId":{"value":"vscode.merge-conflict","_lower":"vscode.merge-conflict"},"activationEvent":"*"}
[2020-07-23 21:13:44.588] [exthost] [info] ExtensionService#loadCommonJSModule file:///snap/code/38/usr/share/code/resources/app/extensions/merge-conflict/dist/mergeConflictMain
[2020-07-23 21:13:44.593] [exthost] [info] ExtensionService#_doActivateExtension vscode.microsoft-authentication {"startup":true,"extensionId":{"value":"vscode.microsoft-authentication","_lower":"vscode.microsoft-authentication"},"activationEvent":"*"}
[2020-07-23 21:13:44.593] [exthost] [info] ExtensionService#loadCommonJSModule file:///snap/code/38/usr/share/code/resources/app/extensions/microsoft-authentication/dist/extension.js
[2020-07-23 21:13:44.611] [exthost] [info] ExtensionService#_doActivateExtension vscode.search-result {"startup":true,"extensionId":{"value":"vscode.search-result","_lower":"vscode.search-result"},"activationEvent":"*"}
[2020-07-23 21:13:44.611] [exthost] [info] ExtensionService#loadCommonJSModule file:///snap/code/38/usr/share/code/resources/app/extensions/search-result/dist/extension.js
[2020-07-23 21:13:44.916] [exthost] [info] ExtensionService#_doActivateExtension vscode.github {"startup":true,"extensionId":{"value":"vscode.github","_lower":"vscode.github"},"activationEvent":"*"}
[2020-07-23 21:13:44.916] [exthost] [info] ExtensionService#loadCommonJSModule file:///snap/code/38/usr/share/code/resources/app/extensions/github/dist/extension.js
[2020-07-23 21:13:44.941] [exthost] [info] eager extensions activated
[2020-07-23 21:14:53.469] [exthost] [info] ExtensionService#_doActivateExtension ritwickdey.LiveServer {"startup":false,"extensionId":{"value":"ritwickdey.LiveServer","_lower":"ritwickdey.liveserver"},"activationEvent":"*"}
[2020-07-23 21:14:53.470] [exthost] [info] ExtensionService#loadCommonJSModule file:///home/dajana/.vscode/extensions/ritwickdey.liveserver-5.6.1/out/src/extension
